Analysis & Synthesis report for ProgramCounter
Mon Nov 27 15:35:48 2023
Quartus Prime Version 22.1std.2 Build 922 07/20/2023 SC Lite Edition


---------------------
; Table of Contents ;
---------------------
  1. Legal Notice
  2. Analysis & Synthesis Summary
  3. Analysis & Synthesis Settings
  4. Parallel Compilation
  5. Analysis & Synthesis Source Files Read
  6. Analysis & Synthesis Resource Usage Summary
  7. Analysis & Synthesis Resource Utilization by Entity
  8. General Register Statistics
  9. Parameter Settings for Inferred Entity Instance: DecimalDisplayFiveDigit:comb_3|lpm_divide:Div0
 10. Parameter Settings for Inferred Entity Instance: DecimalDisplayFiveDigit:comb_3|lpm_divide:Div1
 11. Parameter Settings for Inferred Entity Instance: DecimalDisplayFiveDigit:comb_3|lpm_divide:Div2
 12. Parameter Settings for Inferred Entity Instance: DecimalDisplayFiveDigit:comb_3|lpm_divide:Div3
 13. Parameter Settings for Inferred Entity Instance: DecimalDisplayFiveDigit:comb_3|lpm_divide:Mod4
 14. Parameter Settings for Inferred Entity Instance: DecimalDisplayFiveDigit:comb_3|lpm_divide:Mod3
 15. Parameter Settings for Inferred Entity Instance: DecimalDisplayFiveDigit:comb_3|lpm_divide:Mod2
 16. Parameter Settings for Inferred Entity Instance: DecimalDisplayFiveDigit:comb_3|lpm_divide:Mod1
 17. Parameter Settings for Inferred Entity Instance: DecimalDisplayFiveDigit:comb_3|lpm_divide:Mod0
 18. Port Connectivity Checks: "ProgramCounter:PC"
 19. Port Connectivity Checks: "DecimalDisplayFiveDigit:comb_3|DecimalSegmentDecoder:digit[0].decoder0"
 20. Port Connectivity Checks: "DecimalDisplayFiveDigit:comb_3"
 21. Post-Synthesis Netlist Statistics for Top Partition
 22. Elapsed Time Per Partition
 23. Analysis & Synthesis Messages
 24. Analysis & Synthesis Suppressed Messages



----------------
; Legal Notice ;
----------------
Copyright (C) 2023  Intel Corporation. All rights reserved.
Your use of Intel Corporation's design tools, logic functions 
and other software and tools, and any partner logic 
functions, and any output files from any of the foregoing 
(including device programming or simulation files), and any 
associated documentation or information are expressly subject 
to the terms and conditions of the Intel Program License 
Subscription Agreement, the Intel Quartus Prime License Agreement,
the Intel FPGA IP License Agreement, or other applicable license
agreement, including, without limitation, that your use is for
the sole purpose of programming logic devices manufactured by
Intel and sold by Intel or its authorized distributors.  Please
refer to the applicable agreement for further details, at
https://fpgasoftware.intel.com/eula.



+----------------------------------------------------------------------------------+
; Analysis & Synthesis Summary                                                     ;
+---------------------------------+------------------------------------------------+
; Analysis & Synthesis Status     ; Successful - Mon Nov 27 15:35:48 2023          ;
; Quartus Prime Version           ; 22.1std.2 Build 922 07/20/2023 SC Lite Edition ;
; Revision Name                   ; ProgramCounter                                 ;
; Top-level Entity Name           ; PcFpgaTop                                      ;
; Family                          ; Cyclone V                                      ;
; Logic utilization (in ALMs)     ; N/A                                            ;
; Total registers                 ; 16                                             ;
; Total pins                      ; 59                                             ;
; Total virtual pins              ; 0                                              ;
; Total block memory bits         ; 0                                              ;
; Total DSP Blocks                ; 0                                              ;
; Total HSSI RX PCSs              ; 0                                              ;
; Total HSSI PMA RX Deserializers ; 0                                              ;
; Total HSSI TX PCSs              ; 0                                              ;
; Total HSSI PMA TX Serializers   ; 0                                              ;
; Total PLLs                      ; 0                                              ;
; Total DLLs                      ; 0                                              ;
+---------------------------------+------------------------------------------------+


+---------------------------------------------------------------------------------------------------------------------------+
; Analysis & Synthesis Settings                                                                                             ;
+---------------------------------------------------------------------------------+--------------------+--------------------+
; Option                                                                          ; Setting            ; Default Value      ;
+---------------------------------------------------------------------------------+--------------------+--------------------+
; Device                                                                          ; 5CGXFC7C7F23C8     ;                    ;
; Top-level entity name                                                           ; PcFpgaTop          ; ProgramCounter     ;
; Family name                                                                     ; Cyclone V          ; Cyclone V          ;
; Use smart compilation                                                           ; Off                ; Off                ;
; Enable parallel Assembler and Timing Analyzer during compilation                ; On                 ; On                 ;
; Enable compact report table                                                     ; Off                ; Off                ;
; Restructure Multiplexers                                                        ; Auto               ; Auto               ;
; MLAB Add Timing Constraints For Mixed-Port Feed-Through Mode Setting Don't Care ; Off                ; Off                ;
; Create Debugging Nodes for IP Cores                                             ; Off                ; Off                ;
; Preserve fewer node names                                                       ; On                 ; On                 ;
; Intel FPGA IP Evaluation Mode                                                   ; Enable             ; Enable             ;
; Verilog Version                                                                 ; Verilog_2001       ; Verilog_2001       ;
; VHDL Version                                                                    ; VHDL_1993          ; VHDL_1993          ;
; State Machine Processing                                                        ; Auto               ; Auto               ;
; Safe State Machine                                                              ; Off                ; Off                ;
; Extract Verilog State Machines                                                  ; On                 ; On                 ;
; Extract VHDL State Machines                                                     ; On                 ; On                 ;
; Ignore Verilog initial constructs                                               ; Off                ; Off                ;
; Iteration limit for constant Verilog loops                                      ; 5000               ; 5000               ;
; Iteration limit for non-constant Verilog loops                                  ; 250                ; 250                ;
; Add Pass-Through Logic to Inferred RAMs                                         ; On                 ; On                 ;
; Infer RAMs from Raw Logic                                                       ; On                 ; On                 ;
; Parallel Synthesis                                                              ; On                 ; On                 ;
; DSP Block Balancing                                                             ; Auto               ; Auto               ;
; NOT Gate Push-Back                                                              ; On                 ; On                 ;
; Power-Up Don't Care                                                             ; On                 ; On                 ;
; Remove Redundant Logic Cells                                                    ; Off                ; Off                ;
; Remove Duplicate Registers                                                      ; On                 ; On                 ;
; Ignore CARRY Buffers                                                            ; Off                ; Off                ;
; Ignore CASCADE Buffers                                                          ; Off                ; Off                ;
; Ignore GLOBAL Buffers                                                           ; Off                ; Off                ;
; Ignore ROW GLOBAL Buffers                                                       ; Off                ; Off                ;
; Ignore LCELL Buffers                                                            ; Off                ; Off                ;
; Ignore SOFT Buffers                                                             ; On                 ; On                 ;
; Limit AHDL Integers to 32 Bits                                                  ; Off                ; Off                ;
; Optimization Technique                                                          ; Balanced           ; Balanced           ;
; Carry Chain Length                                                              ; 70                 ; 70                 ;
; Auto Carry Chains                                                               ; On                 ; On                 ;
; Auto Open-Drain Pins                                                            ; On                 ; On                 ;
; Perform WYSIWYG Primitive Resynthesis                                           ; Off                ; Off                ;
; Auto ROM Replacement                                                            ; On                 ; On                 ;
; Auto RAM Replacement                                                            ; On                 ; On                 ;
; Auto DSP Block Replacement                                                      ; On                 ; On                 ;
; Auto Shift Register Replacement                                                 ; Auto               ; Auto               ;
; Allow Shift Register Merging across Hierarchies                                 ; Auto               ; Auto               ;
; Auto Clock Enable Replacement                                                   ; On                 ; On                 ;
; Strict RAM Replacement                                                          ; Off                ; Off                ;
; Allow Synchronous Control Signals                                               ; On                 ; On                 ;
; Force Use of Synchronous Clear Signals                                          ; Off                ; Off                ;
; Auto Resource Sharing                                                           ; Off                ; Off                ;
; Allow Any RAM Size For Recognition                                              ; Off                ; Off                ;
; Allow Any ROM Size For Recognition                                              ; Off                ; Off                ;
; Allow Any Shift Register Size For Recognition                                   ; Off                ; Off                ;
; Use LogicLock Constraints during Resource Balancing                             ; On                 ; On                 ;
; Ignore translate_off and synthesis_off directives                               ; Off                ; Off                ;
; Timing-Driven Synthesis                                                         ; On                 ; On                 ;
; Report Parameter Settings                                                       ; On                 ; On                 ;
; Report Source Assignments                                                       ; On                 ; On                 ;
; Report Connectivity Checks                                                      ; On                 ; On                 ;
; Ignore Maximum Fan-Out Assignments                                              ; Off                ; Off                ;
; Synchronization Register Chain Length                                           ; 3                  ; 3                  ;
; Power Optimization During Synthesis                                             ; Normal compilation ; Normal compilation ;
; HDL message level                                                               ; Level2             ; Level2             ;
; Suppress Register Optimization Related Messages                                 ; Off                ; Off                ;
; Number of Removed Registers Reported in Synthesis Report                        ; 5000               ; 5000               ;
; Number of Swept Nodes Reported in Synthesis Report                              ; 5000               ; 5000               ;
; Number of Inverted Registers Reported in Synthesis Report                       ; 100                ; 100                ;
; Clock MUX Protection                                                            ; On                 ; On                 ;
; Auto Gated Clock Conversion                                                     ; Off                ; Off                ;
; Block Design Naming                                                             ; Auto               ; Auto               ;
; SDC constraint protection                                                       ; Off                ; Off                ;
; Synthesis Effort                                                                ; Auto               ; Auto               ;
; Shift Register Replacement - Allow Asynchronous Clear Signal                    ; On                 ; On                 ;
; Pre-Mapping Resynthesis Optimization                                            ; Off                ; Off                ;
; Analysis & Synthesis Message Level                                              ; Medium             ; Medium             ;
; Disable Register Merging Across Hierarchies                                     ; Auto               ; Auto               ;
; Resource Aware Inference For Block RAM                                          ; On                 ; On                 ;
; Automatic Parallel Synthesis                                                    ; On                 ; On                 ;
; Partial Reconfiguration Bitstream ID                                            ; Off                ; Off                ;
+---------------------------------------------------------------------------------+--------------------+--------------------+


+------------------------------------------+
; Parallel Compilation                     ;
+----------------------------+-------------+
; Processors                 ; Number      ;
+----------------------------+-------------+
; Number detected on machine ; 6           ;
; Maximum allowed            ; 6           ;
;                            ;             ;
; Average used               ; 1.00        ;
; Maximum used               ; 6           ;
;                            ;             ;
; Usage by Processor         ; % Time Used ;
;     Processor 1            ; 100.0%      ;
;     Processors 2-6         ;   0.0%      ;
+----------------------------+-------------+


+-------------------------------------------------------------------------------------------------------------------------------------------------------------------------------------------------------------------------------+
; Analysis & Synthesis Source Files Read                                                                                                                                                                                        ;
+----------------------------------+-----------------+------------------------------+---------------------------------------------------------------------------------------------------------------------------------+---------+
; File Name with User-Entered Path ; Used in Netlist ; File Type                    ; File Name with Absolute Path                                                                                                    ; Library ;
+----------------------------------+-----------------+------------------------------+---------------------------------------------------------------------------------------------------------------------------------+---------+
; PcFpgaTop.sv                     ; yes             ; User SystemVerilog HDL File  ; C:/Users/mrajz/Documents/UNI/SecondYear/EE20021-DigitalSystemsDesign/DSDCoursework/CW1ProgramCounter/PcFpgaTop.sv               ;         ;
; ProgramCounter.sv                ; yes             ; User SystemVerilog HDL File  ; C:/Users/mrajz/Documents/UNI/SecondYear/EE20021-DigitalSystemsDesign/DSDCoursework/CW1ProgramCounter/ProgramCounter.sv          ;         ;
; lpm_divide.tdf                   ; yes             ; Megafunction                 ; c:/intelfpga_lite/22.1std/quartus/libraries/megafunctions/lpm_divide.tdf                                                        ;         ;
; abs_divider.inc                  ; yes             ; Megafunction                 ; c:/intelfpga_lite/22.1std/quartus/libraries/megafunctions/abs_divider.inc                                                       ;         ;
; sign_div_unsign.inc              ; yes             ; Megafunction                 ; c:/intelfpga_lite/22.1std/quartus/libraries/megafunctions/sign_div_unsign.inc                                                   ;         ;
; aglobal221.inc                   ; yes             ; Megafunction                 ; c:/intelfpga_lite/22.1std/quartus/libraries/megafunctions/aglobal221.inc                                                        ;         ;
; db/lpm_divide_kbm.tdf            ; yes             ; Auto-Generated Megafunction  ; C:/Users/mrajz/Documents/UNI/SecondYear/EE20021-DigitalSystemsDesign/DSDCoursework/CW1ProgramCounter/db/lpm_divide_kbm.tdf      ;         ;
; db/sign_div_unsign_qlh.tdf       ; yes             ; Auto-Generated Megafunction  ; C:/Users/mrajz/Documents/UNI/SecondYear/EE20021-DigitalSystemsDesign/DSDCoursework/CW1ProgramCounter/db/sign_div_unsign_qlh.tdf ;         ;
; db/alt_u_div_qve.tdf             ; yes             ; Auto-Generated Megafunction  ; C:/Users/mrajz/Documents/UNI/SecondYear/EE20021-DigitalSystemsDesign/DSDCoursework/CW1ProgramCounter/db/alt_u_div_qve.tdf       ;         ;
; db/lpm_divide_n3m.tdf            ; yes             ; Auto-Generated Megafunction  ; C:/Users/mrajz/Documents/UNI/SecondYear/EE20021-DigitalSystemsDesign/DSDCoursework/CW1ProgramCounter/db/lpm_divide_n3m.tdf      ;         ;
+----------------------------------+-----------------+------------------------------+---------------------------------------------------------------------------------------------------------------------------------+---------+


+------------------------------------------------------------+
; Analysis & Synthesis Resource Usage Summary                ;
+---------------------------------------------+--------------+
; Resource                                    ; Usage        ;
+---------------------------------------------+--------------+
; Estimate of Logic utilization (ALMs needed) ; 567          ;
;                                             ;              ;
; Combinational ALUT usage for logic          ; 1123         ;
;     -- 7 input functions                    ; 0            ;
;     -- 6 input functions                    ; 11           ;
;     -- 5 input functions                    ; 22           ;
;     -- 4 input functions                    ; 111          ;
;     -- <=3 input functions                  ; 979          ;
;                                             ;              ;
; Dedicated logic registers                   ; 16           ;
;                                             ;              ;
; I/O pins                                    ; 59           ;
;                                             ;              ;
; Total DSP Blocks                            ; 0            ;
;                                             ;              ;
; Maximum fan-out node                        ; KEY[2]~input ;
; Maximum fan-out                             ; 16           ;
; Total fan-out                               ; 3276         ;
; Average fan-out                             ; 2.61         ;
+---------------------------------------------+--------------+


+-----------------------------------------------------------------------------------------------------------------------------------------------------------------------------------------------------------------------------------------------------------------------------------------------------------------------------------------------+
; Analysis & Synthesis Resource Utilization by Entity                                                                                                                                                                                                                                                                                           ;
+-------------------------------------------------+---------------------+---------------------------+-------------------+------------+------+--------------+-------------------------------------------------------------------------------------------------------------------------------------------+-------------------------+--------------+
; Compilation Hierarchy Node                      ; Combinational ALUTs ; Dedicated Logic Registers ; Block Memory Bits ; DSP Blocks ; Pins ; Virtual Pins ; Full Hierarchy Name                                                                                                                       ; Entity Name             ; Library Name ;
+-------------------------------------------------+---------------------+---------------------------+-------------------+------------+------+--------------+-------------------------------------------------------------------------------------------------------------------------------------------+-------------------------+--------------+
; |PcFpgaTop                                      ; 1123 (0)            ; 16 (0)                    ; 0                 ; 0          ; 59   ; 0            ; |PcFpgaTop                                                                                                                                ; PcFpgaTop               ; work         ;
;    |DecimalDisplayFiveDigit:comb_3|             ; 1101 (2)            ; 0 (0)                     ; 0                 ; 0          ; 0    ; 0            ; |PcFpgaTop|DecimalDisplayFiveDigit:comb_3                                                                                                 ; DecimalDisplayFiveDigit ; work         ;
;       |DecimalSegmentDecoder:digit[0].decoder0| ; 7 (7)               ; 0 (0)                     ; 0                 ; 0          ; 0    ; 0            ; |PcFpgaTop|DecimalDisplayFiveDigit:comb_3|DecimalSegmentDecoder:digit[0].decoder0                                                         ; DecimalSegmentDecoder   ; work         ;
;       |DecimalSegmentDecoder:digit[1].decoder0| ; 10 (10)             ; 0 (0)                     ; 0                 ; 0          ; 0    ; 0            ; |PcFpgaTop|DecimalDisplayFiveDigit:comb_3|DecimalSegmentDecoder:digit[1].decoder0                                                         ; DecimalSegmentDecoder   ; work         ;
;       |DecimalSegmentDecoder:digit[2].decoder0| ; 15 (15)             ; 0 (0)                     ; 0                 ; 0          ; 0    ; 0            ; |PcFpgaTop|DecimalDisplayFiveDigit:comb_3|DecimalSegmentDecoder:digit[2].decoder0                                                         ; DecimalSegmentDecoder   ; work         ;
;       |DecimalSegmentDecoder:digit[3].decoder0| ; 8 (8)               ; 0 (0)                     ; 0                 ; 0          ; 0    ; 0            ; |PcFpgaTop|DecimalDisplayFiveDigit:comb_3|DecimalSegmentDecoder:digit[3].decoder0                                                         ; DecimalSegmentDecoder   ; work         ;
;       |DecimalSegmentDecoder:digit[4].decoder0| ; 7 (7)               ; 0 (0)                     ; 0                 ; 0          ; 0    ; 0            ; |PcFpgaTop|DecimalDisplayFiveDigit:comb_3|DecimalSegmentDecoder:digit[4].decoder0                                                         ; DecimalSegmentDecoder   ; work         ;
;       |lpm_divide:Div0|                         ; 137 (0)             ; 0 (0)                     ; 0                 ; 0          ; 0    ; 0            ; |PcFpgaTop|DecimalDisplayFiveDigit:comb_3|lpm_divide:Div0                                                                                 ; lpm_divide              ; work         ;
;          |lpm_divide_kbm:auto_generated|        ; 137 (0)             ; 0 (0)                     ; 0                 ; 0          ; 0    ; 0            ; |PcFpgaTop|DecimalDisplayFiveDigit:comb_3|lpm_divide:Div0|lpm_divide_kbm:auto_generated                                                   ; lpm_divide_kbm          ; work         ;
;             |sign_div_unsign_qlh:divider|       ; 137 (0)             ; 0 (0)                     ; 0                 ; 0          ; 0    ; 0            ; |PcFpgaTop|DecimalDisplayFiveDigit:comb_3|lpm_divide:Div0|lpm_divide_kbm:auto_generated|sign_div_unsign_qlh:divider                       ; sign_div_unsign_qlh     ; work         ;
;                |alt_u_div_qve:divider|          ; 137 (137)           ; 0 (0)                     ; 0                 ; 0          ; 0    ; 0            ; |PcFpgaTop|DecimalDisplayFiveDigit:comb_3|lpm_divide:Div0|lpm_divide_kbm:auto_generated|sign_div_unsign_qlh:divider|alt_u_div_qve:divider ; alt_u_div_qve           ; work         ;
;       |lpm_divide:Div1|                         ; 122 (0)             ; 0 (0)                     ; 0                 ; 0          ; 0    ; 0            ; |PcFpgaTop|DecimalDisplayFiveDigit:comb_3|lpm_divide:Div1                                                                                 ; lpm_divide              ; work         ;
;          |lpm_divide_kbm:auto_generated|        ; 122 (0)             ; 0 (0)                     ; 0                 ; 0          ; 0    ; 0            ; |PcFpgaTop|DecimalDisplayFiveDigit:comb_3|lpm_divide:Div1|lpm_divide_kbm:auto_generated                                                   ; lpm_divide_kbm          ; work         ;
;             |sign_div_unsign_qlh:divider|       ; 122 (0)             ; 0 (0)                     ; 0                 ; 0          ; 0    ; 0            ; |PcFpgaTop|DecimalDisplayFiveDigit:comb_3|lpm_divide:Div1|lpm_divide_kbm:auto_generated|sign_div_unsign_qlh:divider                       ; sign_div_unsign_qlh     ; work         ;
;                |alt_u_div_qve:divider|          ; 122 (122)           ; 0 (0)                     ; 0                 ; 0          ; 0    ; 0            ; |PcFpgaTop|DecimalDisplayFiveDigit:comb_3|lpm_divide:Div1|lpm_divide_kbm:auto_generated|sign_div_unsign_qlh:divider|alt_u_div_qve:divider ; alt_u_div_qve           ; work         ;
;       |lpm_divide:Div2|                         ; 111 (0)             ; 0 (0)                     ; 0                 ; 0          ; 0    ; 0            ; |PcFpgaTop|DecimalDisplayFiveDigit:comb_3|lpm_divide:Div2                                                                                 ; lpm_divide              ; work         ;
;          |lpm_divide_kbm:auto_generated|        ; 111 (0)             ; 0 (0)                     ; 0                 ; 0          ; 0    ; 0            ; |PcFpgaTop|DecimalDisplayFiveDigit:comb_3|lpm_divide:Div2|lpm_divide_kbm:auto_generated                                                   ; lpm_divide_kbm          ; work         ;
;             |sign_div_unsign_qlh:divider|       ; 111 (0)             ; 0 (0)                     ; 0                 ; 0          ; 0    ; 0            ; |PcFpgaTop|DecimalDisplayFiveDigit:comb_3|lpm_divide:Div2|lpm_divide_kbm:auto_generated|sign_div_unsign_qlh:divider                       ; sign_div_unsign_qlh     ; work         ;
;                |alt_u_div_qve:divider|          ; 111 (111)           ; 0 (0)                     ; 0                 ; 0          ; 0    ; 0            ; |PcFpgaTop|DecimalDisplayFiveDigit:comb_3|lpm_divide:Div2|lpm_divide_kbm:auto_generated|sign_div_unsign_qlh:divider|alt_u_div_qve:divider ; alt_u_div_qve           ; work         ;
;       |lpm_divide:Div3|                         ; 100 (0)             ; 0 (0)                     ; 0                 ; 0          ; 0    ; 0            ; |PcFpgaTop|DecimalDisplayFiveDigit:comb_3|lpm_divide:Div3                                                                                 ; lpm_divide              ; work         ;
;          |lpm_divide_kbm:auto_generated|        ; 100 (0)             ; 0 (0)                     ; 0                 ; 0          ; 0    ; 0            ; |PcFpgaTop|DecimalDisplayFiveDigit:comb_3|lpm_divide:Div3|lpm_divide_kbm:auto_generated                                                   ; lpm_divide_kbm          ; work         ;
;             |sign_div_unsign_qlh:divider|       ; 100 (0)             ; 0 (0)                     ; 0                 ; 0          ; 0    ; 0            ; |PcFpgaTop|DecimalDisplayFiveDigit:comb_3|lpm_divide:Div3|lpm_divide_kbm:auto_generated|sign_div_unsign_qlh:divider                       ; sign_div_unsign_qlh     ; work         ;
;                |alt_u_div_qve:divider|          ; 100 (100)           ; 0 (0)                     ; 0                 ; 0          ; 0    ; 0            ; |PcFpgaTop|DecimalDisplayFiveDigit:comb_3|lpm_divide:Div3|lpm_divide_kbm:auto_generated|sign_div_unsign_qlh:divider|alt_u_div_qve:divider ; alt_u_div_qve           ; work         ;
;       |lpm_divide:Mod0|                         ; 141 (0)             ; 0 (0)                     ; 0                 ; 0          ; 0    ; 0            ; |PcFpgaTop|DecimalDisplayFiveDigit:comb_3|lpm_divide:Mod0                                                                                 ; lpm_divide              ; work         ;
;          |lpm_divide_n3m:auto_generated|        ; 141 (0)             ; 0 (0)                     ; 0                 ; 0          ; 0    ; 0            ; |PcFpgaTop|DecimalDisplayFiveDigit:comb_3|lpm_divide:Mod0|lpm_divide_n3m:auto_generated                                                   ; lpm_divide_n3m          ; work         ;
;             |sign_div_unsign_qlh:divider|       ; 141 (0)             ; 0 (0)                     ; 0                 ; 0          ; 0    ; 0            ; |PcFpgaTop|DecimalDisplayFiveDigit:comb_3|lpm_divide:Mod0|lpm_divide_n3m:auto_generated|sign_div_unsign_qlh:divider                       ; sign_div_unsign_qlh     ; work         ;
;                |alt_u_div_qve:divider|          ; 141 (141)           ; 0 (0)                     ; 0                 ; 0          ; 0    ; 0            ; |PcFpgaTop|DecimalDisplayFiveDigit:comb_3|lpm_divide:Mod0|lpm_divide_n3m:auto_generated|sign_div_unsign_qlh:divider|alt_u_div_qve:divider ; alt_u_div_qve           ; work         ;
;       |lpm_divide:Mod1|                         ; 126 (0)             ; 0 (0)                     ; 0                 ; 0          ; 0    ; 0            ; |PcFpgaTop|DecimalDisplayFiveDigit:comb_3|lpm_divide:Mod1                                                                                 ; lpm_divide              ; work         ;
;          |lpm_divide_n3m:auto_generated|        ; 126 (0)             ; 0 (0)                     ; 0                 ; 0          ; 0    ; 0            ; |PcFpgaTop|DecimalDisplayFiveDigit:comb_3|lpm_divide:Mod1|lpm_divide_n3m:auto_generated                                                   ; lpm_divide_n3m          ; work         ;
;             |sign_div_unsign_qlh:divider|       ; 126 (0)             ; 0 (0)                     ; 0                 ; 0          ; 0    ; 0            ; |PcFpgaTop|DecimalDisplayFiveDigit:comb_3|lpm_divide:Mod1|lpm_divide_n3m:auto_generated|sign_div_unsign_qlh:divider                       ; sign_div_unsign_qlh     ; work         ;
;                |alt_u_div_qve:divider|          ; 126 (126)           ; 0 (0)                     ; 0                 ; 0          ; 0    ; 0            ; |PcFpgaTop|DecimalDisplayFiveDigit:comb_3|lpm_divide:Mod1|lpm_divide_n3m:auto_generated|sign_div_unsign_qlh:divider|alt_u_div_qve:divider ; alt_u_div_qve           ; work         ;
;       |lpm_divide:Mod2|                         ; 115 (0)             ; 0 (0)                     ; 0                 ; 0          ; 0    ; 0            ; |PcFpgaTop|DecimalDisplayFiveDigit:comb_3|lpm_divide:Mod2                                                                                 ; lpm_divide              ; work         ;
;          |lpm_divide_n3m:auto_generated|        ; 115 (0)             ; 0 (0)                     ; 0                 ; 0          ; 0    ; 0            ; |PcFpgaTop|DecimalDisplayFiveDigit:comb_3|lpm_divide:Mod2|lpm_divide_n3m:auto_generated                                                   ; lpm_divide_n3m          ; work         ;
;             |sign_div_unsign_qlh:divider|       ; 115 (0)             ; 0 (0)                     ; 0                 ; 0          ; 0    ; 0            ; |PcFpgaTop|DecimalDisplayFiveDigit:comb_3|lpm_divide:Mod2|lpm_divide_n3m:auto_generated|sign_div_unsign_qlh:divider                       ; sign_div_unsign_qlh     ; work         ;
;                |alt_u_div_qve:divider|          ; 115 (115)           ; 0 (0)                     ; 0                 ; 0          ; 0    ; 0            ; |PcFpgaTop|DecimalDisplayFiveDigit:comb_3|lpm_divide:Mod2|lpm_divide_n3m:auto_generated|sign_div_unsign_qlh:divider|alt_u_div_qve:divider ; alt_u_div_qve           ; work         ;
;       |lpm_divide:Mod3|                         ; 104 (0)             ; 0 (0)                     ; 0                 ; 0          ; 0    ; 0            ; |PcFpgaTop|DecimalDisplayFiveDigit:comb_3|lpm_divide:Mod3                                                                                 ; lpm_divide              ; work         ;
;          |lpm_divide_n3m:auto_generated|        ; 104 (0)             ; 0 (0)                     ; 0                 ; 0          ; 0    ; 0            ; |PcFpgaTop|DecimalDisplayFiveDigit:comb_3|lpm_divide:Mod3|lpm_divide_n3m:auto_generated                                                   ; lpm_divide_n3m          ; work         ;
;             |sign_div_unsign_qlh:divider|       ; 104 (0)             ; 0 (0)                     ; 0                 ; 0          ; 0    ; 0            ; |PcFpgaTop|DecimalDisplayFiveDigit:comb_3|lpm_divide:Mod3|lpm_divide_n3m:auto_generated|sign_div_unsign_qlh:divider                       ; sign_div_unsign_qlh     ; work         ;
;                |alt_u_div_qve:divider|          ; 104 (104)           ; 0 (0)                     ; 0                 ; 0          ; 0    ; 0            ; |PcFpgaTop|DecimalDisplayFiveDigit:comb_3|lpm_divide:Mod3|lpm_divide_n3m:auto_generated|sign_div_unsign_qlh:divider|alt_u_div_qve:divider ; alt_u_div_qve           ; work         ;
;       |lpm_divide:Mod4|                         ; 96 (0)              ; 0 (0)                     ; 0                 ; 0          ; 0    ; 0            ; |PcFpgaTop|DecimalDisplayFiveDigit:comb_3|lpm_divide:Mod4                                                                                 ; lpm_divide              ; work         ;
;          |lpm_divide_n3m:auto_generated|        ; 96 (0)              ; 0 (0)                     ; 0                 ; 0          ; 0    ; 0            ; |PcFpgaTop|DecimalDisplayFiveDigit:comb_3|lpm_divide:Mod4|lpm_divide_n3m:auto_generated                                                   ; lpm_divide_n3m          ; work         ;
;             |sign_div_unsign_qlh:divider|       ; 96 (0)              ; 0 (0)                     ; 0                 ; 0          ; 0    ; 0            ; |PcFpgaTop|DecimalDisplayFiveDigit:comb_3|lpm_divide:Mod4|lpm_divide_n3m:auto_generated|sign_div_unsign_qlh:divider                       ; sign_div_unsign_qlh     ; work         ;
;                |alt_u_div_qve:divider|          ; 96 (96)             ; 0 (0)                     ; 0                 ; 0          ; 0    ; 0            ; |PcFpgaTop|DecimalDisplayFiveDigit:comb_3|lpm_divide:Mod4|lpm_divide_n3m:auto_generated|sign_div_unsign_qlh:divider|alt_u_div_qve:divider ; alt_u_div_qve           ; work         ;
;    |ProgramCounter:PC|                          ; 22 (22)             ; 16 (16)                   ; 0                 ; 0          ; 0    ; 0            ; |PcFpgaTop|ProgramCounter:PC                                                                                                              ; ProgramCounter          ; work         ;
+-------------------------------------------------+---------------------+---------------------------+-------------------+------------+------+--------------+-------------------------------------------------------------------------------------------------------------------------------------------+-------------------------+--------------+
Note: For table entries with two numbers listed, the numbers in parentheses indicate the number of resources of the given type used by the specific entity alone. The numbers listed outside of parentheses indicate the total resources of the given type used by the specific entity and all of its sub-entities in the hierarchy.


+------------------------------------------------------+
; General Register Statistics                          ;
+----------------------------------------------+-------+
; Statistic                                    ; Value ;
+----------------------------------------------+-------+
; Total registers                              ; 16    ;
; Number of registers using Synchronous Clear  ; 0     ;
; Number of registers using Synchronous Load   ; 10    ;
; Number of registers using Asynchronous Clear ; 16    ;
; Number of registers using Asynchronous Load  ; 0     ;
; Number of registers using Clock Enable       ; 0     ;
; Number of registers using Preset             ; 0     ;
+----------------------------------------------+-------+


+-------------------------------------------------------------------------------------------------+
; Parameter Settings for Inferred Entity Instance: DecimalDisplayFiveDigit:comb_3|lpm_divide:Div0 ;
+------------------------+----------------+-------------------------------------------------------+
; Parameter Name         ; Value          ; Type                                                  ;
+------------------------+----------------+-------------------------------------------------------+
; LPM_WIDTHN             ; 16             ; Untyped                                               ;
; LPM_WIDTHD             ; 4              ; Untyped                                               ;
; LPM_NREPRESENTATION    ; UNSIGNED       ; Untyped                                               ;
; LPM_DREPRESENTATION    ; UNSIGNED       ; Untyped                                               ;
; LPM_PIPELINE           ; 0              ; Untyped                                               ;
; LPM_REMAINDERPOSITIVE  ; TRUE           ; Untyped                                               ;
; MAXIMIZE_SPEED         ; 5              ; Untyped                                               ;
; CBXI_PARAMETER         ; lpm_divide_kbm ; Untyped                                               ;
; CARRY_CHAIN            ; MANUAL         ; Untyped                                               ;
; OPTIMIZE_FOR_SPEED     ; 5              ; Untyped                                               ;
; AUTO_CARRY_CHAINS      ; ON             ; AUTO_CARRY                                            ;
; IGNORE_CARRY_BUFFERS   ; OFF            ; IGNORE_CARRY                                          ;
; AUTO_CASCADE_CHAINS    ; ON             ; AUTO_CASCADE                                          ;
; IGNORE_CASCADE_BUFFERS ; OFF            ; IGNORE_CASCADE                                        ;
+------------------------+----------------+-------------------------------------------------------+
Note: In order to hide this table in the UI and the text report file, please set the "Show Parameter Settings in Synthesis Report" option in "Analysis and Synthesis Settings -> More Settings" to "Off".


+-------------------------------------------------------------------------------------------------+
; Parameter Settings for Inferred Entity Instance: DecimalDisplayFiveDigit:comb_3|lpm_divide:Div1 ;
+------------------------+----------------+-------------------------------------------------------+
; Parameter Name         ; Value          ; Type                                                  ;
+------------------------+----------------+-------------------------------------------------------+
; LPM_WIDTHN             ; 16             ; Untyped                                               ;
; LPM_WIDTHD             ; 4              ; Untyped                                               ;
; LPM_NREPRESENTATION    ; UNSIGNED       ; Untyped                                               ;
; LPM_DREPRESENTATION    ; UNSIGNED       ; Untyped                                               ;
; LPM_PIPELINE           ; 0              ; Untyped                                               ;
; LPM_REMAINDERPOSITIVE  ; TRUE           ; Untyped                                               ;
; MAXIMIZE_SPEED         ; 5              ; Untyped                                               ;
; CBXI_PARAMETER         ; lpm_divide_kbm ; Untyped                                               ;
; CARRY_CHAIN            ; MANUAL         ; Untyped                                               ;
; OPTIMIZE_FOR_SPEED     ; 5              ; Untyped                                               ;
; AUTO_CARRY_CHAINS      ; ON             ; AUTO_CARRY                                            ;
; IGNORE_CARRY_BUFFERS   ; OFF            ; IGNORE_CARRY                                          ;
; AUTO_CASCADE_CHAINS    ; ON             ; AUTO_CASCADE                                          ;
; IGNORE_CASCADE_BUFFERS ; OFF            ; IGNORE_CASCADE                                        ;
+------------------------+----------------+-------------------------------------------------------+
Note: In order to hide this table in the UI and the text report file, please set the "Show Parameter Settings in Synthesis Report" option in "Analysis and Synthesis Settings -> More Settings" to "Off".


+-------------------------------------------------------------------------------------------------+
; Parameter Settings for Inferred Entity Instance: DecimalDisplayFiveDigit:comb_3|lpm_divide:Div2 ;
+------------------------+----------------+-------------------------------------------------------+
; Parameter Name         ; Value          ; Type                                                  ;
+------------------------+----------------+-------------------------------------------------------+
; LPM_WIDTHN             ; 16             ; Untyped                                               ;
; LPM_WIDTHD             ; 4              ; Untyped                                               ;
; LPM_NREPRESENTATION    ; UNSIGNED       ; Untyped                                               ;
; LPM_DREPRESENTATION    ; UNSIGNED       ; Untyped                                               ;
; LPM_PIPELINE           ; 0              ; Untyped                                               ;
; LPM_REMAINDERPOSITIVE  ; TRUE           ; Untyped                                               ;
; MAXIMIZE_SPEED         ; 5              ; Untyped                                               ;
; CBXI_PARAMETER         ; lpm_divide_kbm ; Untyped                                               ;
; CARRY_CHAIN            ; MANUAL         ; Untyped                                               ;
; OPTIMIZE_FOR_SPEED     ; 5              ; Untyped                                               ;
; AUTO_CARRY_CHAINS      ; ON             ; AUTO_CARRY                                            ;
; IGNORE_CARRY_BUFFERS   ; OFF            ; IGNORE_CARRY                                          ;
; AUTO_CASCADE_CHAINS    ; ON             ; AUTO_CASCADE                                          ;
; IGNORE_CASCADE_BUFFERS ; OFF            ; IGNORE_CASCADE                                        ;
+------------------------+----------------+-------------------------------------------------------+
Note: In order to hide this table in the UI and the text report file, please set the "Show Parameter Settings in Synthesis Report" option in "Analysis and Synthesis Settings -> More Settings" to "Off".


+-------------------------------------------------------------------------------------------------+
; Parameter Settings for Inferred Entity Instance: DecimalDisplayFiveDigit:comb_3|lpm_divide:Div3 ;
+------------------------+----------------+-------------------------------------------------------+
; Parameter Name         ; Value          ; Type                                                  ;
+------------------------+----------------+-------------------------------------------------------+
; LPM_WIDTHN             ; 16             ; Untyped                                               ;
; LPM_WIDTHD             ; 4              ; Untyped                                               ;
; LPM_NREPRESENTATION    ; UNSIGNED       ; Untyped                                               ;
; LPM_DREPRESENTATION    ; UNSIGNED       ; Untyped                                               ;
; LPM_PIPELINE           ; 0              ; Untyped                                               ;
; LPM_REMAINDERPOSITIVE  ; TRUE           ; Untyped                                               ;
; MAXIMIZE_SPEED         ; 5              ; Untyped                                               ;
; CBXI_PARAMETER         ; lpm_divide_kbm ; Untyped                                               ;
; CARRY_CHAIN            ; MANUAL         ; Untyped                                               ;
; OPTIMIZE_FOR_SPEED     ; 5              ; Untyped                                               ;
; AUTO_CARRY_CHAINS      ; ON             ; AUTO_CARRY                                            ;
; IGNORE_CARRY_BUFFERS   ; OFF            ; IGNORE_CARRY                                          ;
; AUTO_CASCADE_CHAINS    ; ON             ; AUTO_CASCADE                                          ;
; IGNORE_CASCADE_BUFFERS ; OFF            ; IGNORE_CASCADE                                        ;
+------------------------+----------------+-------------------------------------------------------+
Note: In order to hide this table in the UI and the text report file, please set the "Show Parameter Settings in Synthesis Report" option in "Analysis and Synthesis Settings -> More Settings" to "Off".


+-------------------------------------------------------------------------------------------------+
; Parameter Settings for Inferred Entity Instance: DecimalDisplayFiveDigit:comb_3|lpm_divide:Mod4 ;
+------------------------+----------------+-------------------------------------------------------+
; Parameter Name         ; Value          ; Type                                                  ;
+------------------------+----------------+-------------------------------------------------------+
; LPM_WIDTHN             ; 16             ; Untyped                                               ;
; LPM_WIDTHD             ; 4              ; Untyped                                               ;
; LPM_NREPRESENTATION    ; UNSIGNED       ; Untyped                                               ;
; LPM_DREPRESENTATION    ; UNSIGNED       ; Untyped                                               ;
; LPM_PIPELINE           ; 0              ; Untyped                                               ;
; LPM_REMAINDERPOSITIVE  ; TRUE           ; Untyped                                               ;
; MAXIMIZE_SPEED         ; 5              ; Untyped                                               ;
; CBXI_PARAMETER         ; lpm_divide_n3m ; Untyped                                               ;
; CARRY_CHAIN            ; MANUAL         ; Untyped                                               ;
; OPTIMIZE_FOR_SPEED     ; 5              ; Untyped                                               ;
; AUTO_CARRY_CHAINS      ; ON             ; AUTO_CARRY                                            ;
; IGNORE_CARRY_BUFFERS   ; OFF            ; IGNORE_CARRY                                          ;
; AUTO_CASCADE_CHAINS    ; ON             ; AUTO_CASCADE                                          ;
; IGNORE_CASCADE_BUFFERS ; OFF            ; IGNORE_CASCADE                                        ;
+------------------------+----------------+-------------------------------------------------------+
Note: In order to hide this table in the UI and the text report file, please set the "Show Parameter Settings in Synthesis Report" option in "Analysis and Synthesis Settings -> More Settings" to "Off".


+-------------------------------------------------------------------------------------------------+
; Parameter Settings for Inferred Entity Instance: DecimalDisplayFiveDigit:comb_3|lpm_divide:Mod3 ;
+------------------------+----------------+-------------------------------------------------------+
; Parameter Name         ; Value          ; Type                                                  ;
+------------------------+----------------+-------------------------------------------------------+
; LPM_WIDTHN             ; 16             ; Untyped                                               ;
; LPM_WIDTHD             ; 4              ; Untyped                                               ;
; LPM_NREPRESENTATION    ; UNSIGNED       ; Untyped                                               ;
; LPM_DREPRESENTATION    ; UNSIGNED       ; Untyped                                               ;
; LPM_PIPELINE           ; 0              ; Untyped                                               ;
; LPM_REMAINDERPOSITIVE  ; TRUE           ; Untyped                                               ;
; MAXIMIZE_SPEED         ; 5              ; Untyped                                               ;
; CBXI_PARAMETER         ; lpm_divide_n3m ; Untyped                                               ;
; CARRY_CHAIN            ; MANUAL         ; Untyped                                               ;
; OPTIMIZE_FOR_SPEED     ; 5              ; Untyped                                               ;
; AUTO_CARRY_CHAINS      ; ON             ; AUTO_CARRY                                            ;
; IGNORE_CARRY_BUFFERS   ; OFF            ; IGNORE_CARRY                                          ;
; AUTO_CASCADE_CHAINS    ; ON             ; AUTO_CASCADE                                          ;
; IGNORE_CASCADE_BUFFERS ; OFF            ; IGNORE_CASCADE                                        ;
+------------------------+----------------+-------------------------------------------------------+
Note: In order to hide this table in the UI and the text report file, please set the "Show Parameter Settings in Synthesis Report" option in "Analysis and Synthesis Settings -> More Settings" to "Off".


+-------------------------------------------------------------------------------------------------+
; Parameter Settings for Inferred Entity Instance: DecimalDisplayFiveDigit:comb_3|lpm_divide:Mod2 ;
+------------------------+----------------+-------------------------------------------------------+
; Parameter Name         ; Value          ; Type                                                  ;
+------------------------+----------------+-------------------------------------------------------+
; LPM_WIDTHN             ; 16             ; Untyped                                               ;
; LPM_WIDTHD             ; 4              ; Untyped                                               ;
; LPM_NREPRESENTATION    ; UNSIGNED       ; Untyped                                               ;
; LPM_DREPRESENTATION    ; UNSIGNED       ; Untyped                                               ;
; LPM_PIPELINE           ; 0              ; Untyped                                               ;
; LPM_REMAINDERPOSITIVE  ; TRUE           ; Untyped                                               ;
; MAXIMIZE_SPEED         ; 5              ; Untyped                                               ;
; CBXI_PARAMETER         ; lpm_divide_n3m ; Untyped                                               ;
; CARRY_CHAIN            ; MANUAL         ; Untyped                                               ;
; OPTIMIZE_FOR_SPEED     ; 5              ; Untyped                                               ;
; AUTO_CARRY_CHAINS      ; ON             ; AUTO_CARRY                                            ;
; IGNORE_CARRY_BUFFERS   ; OFF            ; IGNORE_CARRY                                          ;
; AUTO_CASCADE_CHAINS    ; ON             ; AUTO_CASCADE                                          ;
; IGNORE_CASCADE_BUFFERS ; OFF            ; IGNORE_CASCADE                                        ;
+------------------------+----------------+-------------------------------------------------------+
Note: In order to hide this table in the UI and the text report file, please set the "Show Parameter Settings in Synthesis Report" option in "Analysis and Synthesis Settings -> More Settings" to "Off".


+-------------------------------------------------------------------------------------------------+
; Parameter Settings for Inferred Entity Instance: DecimalDisplayFiveDigit:comb_3|lpm_divide:Mod1 ;
+------------------------+----------------+-------------------------------------------------------+
; Parameter Name         ; Value          ; Type                                                  ;
+------------------------+----------------+-------------------------------------------------------+
; LPM_WIDTHN             ; 16             ; Untyped                                               ;
; LPM_WIDTHD             ; 4              ; Untyped                                               ;
; LPM_NREPRESENTATION    ; UNSIGNED       ; Untyped                                               ;
; LPM_DREPRESENTATION    ; UNSIGNED       ; Untyped                                               ;
; LPM_PIPELINE           ; 0              ; Untyped                                               ;
; LPM_REMAINDERPOSITIVE  ; TRUE           ; Untyped                                               ;
; MAXIMIZE_SPEED         ; 5              ; Untyped                                               ;
; CBXI_PARAMETER         ; lpm_divide_n3m ; Untyped                                               ;
; CARRY_CHAIN            ; MANUAL         ; Untyped                                               ;
; OPTIMIZE_FOR_SPEED     ; 5              ; Untyped                                               ;
; AUTO_CARRY_CHAINS      ; ON             ; AUTO_CARRY                                            ;
; IGNORE_CARRY_BUFFERS   ; OFF            ; IGNORE_CARRY                                          ;
; AUTO_CASCADE_CHAINS    ; ON             ; AUTO_CASCADE                                          ;
; IGNORE_CASCADE_BUFFERS ; OFF            ; IGNORE_CASCADE                                        ;
+------------------------+----------------+-------------------------------------------------------+
Note: In order to hide this table in the UI and the text report file, please set the "Show Parameter Settings in Synthesis Report" option in "Analysis and Synthesis Settings -> More Settings" to "Off".


+-------------------------------------------------------------------------------------------------+
; Parameter Settings for Inferred Entity Instance: DecimalDisplayFiveDigit:comb_3|lpm_divide:Mod0 ;
+------------------------+----------------+-------------------------------------------------------+
; Parameter Name         ; Value          ; Type                                                  ;
+------------------------+----------------+-------------------------------------------------------+
; LPM_WIDTHN             ; 16             ; Untyped                                               ;
; LPM_WIDTHD             ; 4              ; Untyped                                               ;
; LPM_NREPRESENTATION    ; UNSIGNED       ; Untyped                                               ;
; LPM_DREPRESENTATION    ; UNSIGNED       ; Untyped                                               ;
; LPM_PIPELINE           ; 0              ; Untyped                                               ;
; LPM_REMAINDERPOSITIVE  ; TRUE           ; Untyped                                               ;
; MAXIMIZE_SPEED         ; 5              ; Untyped                                               ;
; CBXI_PARAMETER         ; lpm_divide_n3m ; Untyped                                               ;
; CARRY_CHAIN            ; MANUAL         ; Untyped                                               ;
; OPTIMIZE_FOR_SPEED     ; 5              ; Untyped                                               ;
; AUTO_CARRY_CHAINS      ; ON             ; AUTO_CARRY                                            ;
; IGNORE_CARRY_BUFFERS   ; OFF            ; IGNORE_CARRY                                          ;
; AUTO_CASCADE_CHAINS    ; ON             ; AUTO_CASCADE                                          ;
; IGNORE_CASCADE_BUFFERS ; OFF            ; IGNORE_CASCADE                                        ;
+------------------------+----------------+-------------------------------------------------------+
Note: In order to hide this table in the UI and the text report file, please set the "Show Parameter Settings in Synthesis Report" option in "Analysis and Synthesis Settings -> More Settings" to "Off".


+---------------------------------------------------+
; Port Connectivity Checks: "ProgramCounter:PC"     ;
+-----------------+-------+----------+--------------+
; Port            ; Type  ; Severity ; Details      ;
+-----------------+-------+----------+--------------+
; LoadValue[5..0] ; Input ; Info     ; Stuck at GND ;
+-----------------+-------+----------+--------------+


+----------------------------------------------------------------------------------------------------+
; Port Connectivity Checks: "DecimalDisplayFiveDigit:comb_3|DecimalSegmentDecoder:digit[0].decoder0" ;
+-------+-------+----------+-------------------------------------------------------------------------+
; Port  ; Type  ; Severity ; Details                                                                 ;
+-------+-------+----------+-------------------------------------------------------------------------+
; Blank ; Input ; Info     ; Stuck at GND                                                            ;
+-------+-------+----------+-------------------------------------------------------------------------+


+-----------------------------------------------------------------------------------------------------------------------+
; Port Connectivity Checks: "DecimalDisplayFiveDigit:comb_3"                                                            ;
+-------------+--------+----------+-------------------------------------------------------------------------------------+
; Port        ; Type   ; Severity ; Details                                                                             ;
+-------------+--------+----------+-------------------------------------------------------------------------------------+
; Segments[5] ; Output ; Info     ; Connected to dangling logic. Logic that only feeds a dangling port will be removed. ;
+-------------+--------+----------+-------------------------------------------------------------------------------------+


+-----------------------------------------------------+
; Post-Synthesis Netlist Statistics for Top Partition ;
+-----------------------+-----------------------------+
; Type                  ; Count                       ;
+-----------------------+-----------------------------+
; arriav_ff             ; 16                          ;
;     CLR               ; 6                           ;
;     CLR SLD           ; 10                          ;
; arriav_lcell_comb     ; 1149                        ;
;     arith             ; 660                         ;
;         0 data inputs ; 184                         ;
;         1 data inputs ; 92                          ;
;         2 data inputs ; 25                          ;
;         3 data inputs ; 276                         ;
;         4 data inputs ; 83                          ;
;     normal            ; 444                         ;
;         1 data inputs ; 26                          ;
;         2 data inputs ; 182                         ;
;         3 data inputs ; 175                         ;
;         4 data inputs ; 28                          ;
;         5 data inputs ; 22                          ;
;         6 data inputs ; 11                          ;
;     shared            ; 45                          ;
;         0 data inputs ; 23                          ;
;         1 data inputs ; 22                          ;
; boundary_port         ; 59                          ;
;                       ;                             ;
; Max LUT depth         ; 32.30                       ;
; Average LUT depth     ; 26.49                       ;
+-----------------------+-----------------------------+


+-------------------------------+
; Elapsed Time Per Partition    ;
+----------------+--------------+
; Partition Name ; Elapsed Time ;
+----------------+--------------+
; Top            ; 00:00:02     ;
+----------------+--------------+


+-------------------------------+
; Analysis & Synthesis Messages ;
+-------------------------------+
Info: *******************************************************************
Info: Running Quartus Prime Analysis & Synthesis
    Info: Version 22.1std.2 Build 922 07/20/2023 SC Lite Edition
    Info: Processing started: Mon Nov 27 15:35:37 2023
Info: Command: quartus_map --read_settings_files=on --write_settings_files=off ProgramCounter -c ProgramCounter
Warning (18236): Number of processors has not been specified which may cause overloading on shared machines.  Set the global assignment NUM_PARALLEL_PROCESSORS in your QSF to an appropriate value for best performance.
Info (20030): Parallel compilation is enabled and will use 6 of the 6 processors detected
Info (12021): Found 4 design units, including 4 entities, in source file pcfpgatop.sv
    Info (12023): Found entity 1: PcFpgaTop File: C:/Users/mrajz/Documents/UNI/SecondYear/EE20021-DigitalSystemsDesign/DSDCoursework/CW1ProgramCounter/PcFpgaTop.sv Line: 9
    Info (12023): Found entity 2: SevenSegmentDecoder File: C:/Users/mrajz/Documents/UNI/SecondYear/EE20021-DigitalSystemsDesign/DSDCoursework/CW1ProgramCounter/PcFpgaTop.sv Line: 58
    Info (12023): Found entity 3: DecimalSegmentDecoder File: C:/Users/mrajz/Documents/UNI/SecondYear/EE20021-DigitalSystemsDesign/DSDCoursework/CW1ProgramCounter/PcFpgaTop.sv Line: 97
    Info (12023): Found entity 4: DecimalDisplayFiveDigit File: C:/Users/mrajz/Documents/UNI/SecondYear/EE20021-DigitalSystemsDesign/DSDCoursework/CW1ProgramCounter/PcFpgaTop.sv Line: 127
Info (12021): Found 1 design units, including 1 entities, in source file programcounter.sv
    Info (12023): Found entity 1: ProgramCounter File: C:/Users/mrajz/Documents/UNI/SecondYear/EE20021-DigitalSystemsDesign/DSDCoursework/CW1ProgramCounter/ProgramCounter.sv Line: 7
Critical Warning (10846): Verilog HDL Instantiation warning at PcFpgaTop.sv(24): instance has no name File: C:/Users/mrajz/Documents/UNI/SecondYear/EE20021-DigitalSystemsDesign/DSDCoursework/CW1ProgramCounter/PcFpgaTop.sv Line: 24
Info (12127): Elaborating entity "PcFpgaTop" for the top level hierarchy
Info (12128): Elaborating entity "DecimalDisplayFiveDigit" for hierarchy "DecimalDisplayFiveDigit:comb_3" File: C:/Users/mrajz/Documents/UNI/SecondYear/EE20021-DigitalSystemsDesign/DSDCoursework/CW1ProgramCounter/PcFpgaTop.sv Line: 24
Warning (10230): Verilog HDL assignment warning at PcFpgaTop.sv(143): truncated value with size 16 to match size of target (4) File: C:/Users/mrajz/Documents/UNI/SecondYear/EE20021-DigitalSystemsDesign/DSDCoursework/CW1ProgramCounter/PcFpgaTop.sv Line: 143
Warning (10230): Verilog HDL assignment warning at PcFpgaTop.sv(148): truncated value with size 16 to match size of target (4) File: C:/Users/mrajz/Documents/UNI/SecondYear/EE20021-DigitalSystemsDesign/DSDCoursework/CW1ProgramCounter/PcFpgaTop.sv Line: 148
Warning (10230): Verilog HDL assignment warning at PcFpgaTop.sv(150): truncated value with size 16 to match size of target (4) File: C:/Users/mrajz/Documents/UNI/SecondYear/EE20021-DigitalSystemsDesign/DSDCoursework/CW1ProgramCounter/PcFpgaTop.sv Line: 150
Warning (10034): Output port "Segments[5]" at PcFpgaTop.sv(131) has no driver File: C:/Users/mrajz/Documents/UNI/SecondYear/EE20021-DigitalSystemsDesign/DSDCoursework/CW1ProgramCounter/PcFpgaTop.sv Line: 131
Info (12128): Elaborating entity "DecimalSegmentDecoder" for hierarchy "DecimalDisplayFiveDigit:comb_3|DecimalSegmentDecoder:digit[0].decoder0" File: C:/Users/mrajz/Documents/UNI/SecondYear/EE20021-DigitalSystemsDesign/DSDCoursework/CW1ProgramCounter/PcFpgaTop.sv Line: 168
Info (12128): Elaborating entity "ProgramCounter" for hierarchy "ProgramCounter:PC" File: C:/Users/mrajz/Documents/UNI/SecondYear/EE20021-DigitalSystemsDesign/DSDCoursework/CW1ProgramCounter/PcFpgaTop.sv Line: 45
Warning (10230): Verilog HDL assignment warning at ProgramCounter.sv(28): truncated value with size 32 to match size of target (16) File: C:/Users/mrajz/Documents/UNI/SecondYear/EE20021-DigitalSystemsDesign/DSDCoursework/CW1ProgramCounter/ProgramCounter.sv Line: 28
Info (278001): Inferred 9 megafunctions from design logic
    Info (278004): Inferred divider/modulo megafunction ("lpm_divide") from the following logic: "DecimalDisplayFiveDigit:comb_3|Div0" File: C:/Users/mrajz/Documents/UNI/SecondYear/EE20021-DigitalSystemsDesign/DSDCoursework/CW1ProgramCounter/PcFpgaTop.sv Line: 142
    Info (278004): Inferred divider/modulo megafunction ("lpm_divide") from the following logic: "DecimalDisplayFiveDigit:comb_3|Div1" File: C:/Users/mrajz/Documents/UNI/SecondYear/EE20021-DigitalSystemsDesign/DSDCoursework/CW1ProgramCounter/PcFpgaTop.sv Line: 147
    Info (278004): Inferred divider/modulo megafunction ("lpm_divide") from the following logic: "DecimalDisplayFiveDigit:comb_3|Div2" File: C:/Users/mrajz/Documents/UNI/SecondYear/EE20021-DigitalSystemsDesign/DSDCoursework/CW1ProgramCounter/PcFpgaTop.sv Line: 147
    Info (278004): Inferred divider/modulo megafunction ("lpm_divide") from the following logic: "DecimalDisplayFiveDigit:comb_3|Div3" File: C:/Users/mrajz/Documents/UNI/SecondYear/EE20021-DigitalSystemsDesign/DSDCoursework/CW1ProgramCounter/PcFpgaTop.sv Line: 147
    Info (278004): Inferred divider/modulo megafunction ("lpm_divide") from the following logic: "DecimalDisplayFiveDigit:comb_3|Mod4" File: C:/Users/mrajz/Documents/UNI/SecondYear/EE20021-DigitalSystemsDesign/DSDCoursework/CW1ProgramCounter/PcFpgaTop.sv Line: 150
    Info (278004): Inferred divider/modulo megafunction ("lpm_divide") from the following logic: "DecimalDisplayFiveDigit:comb_3|Mod3" File: C:/Users/mrajz/Documents/UNI/SecondYear/EE20021-DigitalSystemsDesign/DSDCoursework/CW1ProgramCounter/PcFpgaTop.sv Line: 148
    Info (278004): Inferred divider/modulo megafunction ("lpm_divide") from the following logic: "DecimalDisplayFiveDigit:comb_3|Mod2" File: C:/Users/mrajz/Documents/UNI/SecondYear/EE20021-DigitalSystemsDesign/DSDCoursework/CW1ProgramCounter/PcFpgaTop.sv Line: 148
    Info (278004): Inferred divider/modulo megafunction ("lpm_divide") from the following logic: "DecimalDisplayFiveDigit:comb_3|Mod1" File: C:/Users/mrajz/Documents/UNI/SecondYear/EE20021-DigitalSystemsDesign/DSDCoursework/CW1ProgramCounter/PcFpgaTop.sv Line: 148
    Info (278004): Inferred divider/modulo megafunction ("lpm_divide") from the following logic: "DecimalDisplayFiveDigit:comb_3|Mod0" File: C:/Users/mrajz/Documents/UNI/SecondYear/EE20021-DigitalSystemsDesign/DSDCoursework/CW1ProgramCounter/PcFpgaTop.sv Line: 143
Info (12130): Elaborated megafunction instantiation "DecimalDisplayFiveDigit:comb_3|lpm_divide:Div0" File: C:/Users/mrajz/Documents/UNI/SecondYear/EE20021-DigitalSystemsDesign/DSDCoursework/CW1ProgramCounter/PcFpgaTop.sv Line: 142
Info (12133): Instantiated megafunction "DecimalDisplayFiveDigit:comb_3|lpm_divide:Div0" with the following parameter: File: C:/Users/mrajz/Documents/UNI/SecondYear/EE20021-DigitalSystemsDesign/DSDCoursework/CW1ProgramCounter/PcFpgaTop.sv Line: 142
    Info (12134): Parameter "LPM_WIDTHN" = "16"
    Info (12134): Parameter "LPM_WIDTHD" = "4"
    Info (12134): Parameter "LPM_NREPRESENTATION" = "UNSIGNED"
    Info (12134): Parameter "LPM_DREPRESENTATION" = "UNSIGNED"
Info (12021): Found 1 design units, including 1 entities, in source file db/lpm_divide_kbm.tdf
    Info (12023): Found entity 1: lpm_divide_kbm File: C:/Users/mrajz/Documents/UNI/SecondYear/EE20021-DigitalSystemsDesign/DSDCoursework/CW1ProgramCounter/db/lpm_divide_kbm.tdf Line: 25
Info (12021): Found 1 design units, including 1 entities, in source file db/sign_div_unsign_qlh.tdf
    Info (12023): Found entity 1: sign_div_unsign_qlh File: C:/Users/mrajz/Documents/UNI/SecondYear/EE20021-DigitalSystemsDesign/DSDCoursework/CW1ProgramCounter/db/sign_div_unsign_qlh.tdf Line: 25
Info (12021): Found 1 design units, including 1 entities, in source file db/alt_u_div_qve.tdf
    Info (12023): Found entity 1: alt_u_div_qve File: C:/Users/mrajz/Documents/UNI/SecondYear/EE20021-DigitalSystemsDesign/DSDCoursework/CW1ProgramCounter/db/alt_u_div_qve.tdf Line: 23
Info (12130): Elaborated megafunction instantiation "DecimalDisplayFiveDigit:comb_3|lpm_divide:Mod4" File: C:/Users/mrajz/Documents/UNI/SecondYear/EE20021-DigitalSystemsDesign/DSDCoursework/CW1ProgramCounter/PcFpgaTop.sv Line: 150
Info (12133): Instantiated megafunction "DecimalDisplayFiveDigit:comb_3|lpm_divide:Mod4" with the following parameter: File: C:/Users/mrajz/Documents/UNI/SecondYear/EE20021-DigitalSystemsDesign/DSDCoursework/CW1ProgramCounter/PcFpgaTop.sv Line: 150
    Info (12134): Parameter "LPM_WIDTHN" = "16"
    Info (12134): Parameter "LPM_WIDTHD" = "4"
    Info (12134): Parameter "LPM_NREPRESENTATION" = "UNSIGNED"
    Info (12134): Parameter "LPM_DREPRESENTATION" = "UNSIGNED"
Info (12021): Found 1 design units, including 1 entities, in source file db/lpm_divide_n3m.tdf
    Info (12023): Found entity 1: lpm_divide_n3m File: C:/Users/mrajz/Documents/UNI/SecondYear/EE20021-DigitalSystemsDesign/DSDCoursework/CW1ProgramCounter/db/lpm_divide_n3m.tdf Line: 25
Info (286030): Timing-Driven Synthesis is running
Info (144001): Generated suppressed messages file C:/Users/mrajz/Documents/UNI/SecondYear/EE20021-DigitalSystemsDesign/DSDCoursework/CW1ProgramCounter/output_files/ProgramCounter.map.smsg
Info (16010): Generating hard_block partition "hard_block:auto_generated_inst"
    Info (16011): Adding 0 node(s), including 0 DDIO, 0 PLL, 0 transceiver and 0 LCELL
Info (21057): Implemented 1182 device resources after synthesis - the final resource count might be different
    Info (21058): Implemented 14 input pins
    Info (21059): Implemented 45 output pins
    Info (21061): Implemented 1123 logic cells
Info: Quartus Prime Analysis & Synthesis was successful. 0 errors, 7 warnings
    Info: Peak virtual memory: 4865 megabytes
    Info: Processing ended: Mon Nov 27 15:35:48 2023
    Info: Elapsed time: 00:00:11
    Info: Total CPU time (on all processors): 00:00:08


+------------------------------------------+
; Analysis & Synthesis Suppressed Messages ;
+------------------------------------------+
The suppressed messages can be found in C:/Users/mrajz/Documents/UNI/SecondYear/EE20021-DigitalSystemsDesign/DSDCoursework/CW1ProgramCounter/output_files/ProgramCounter.map.smsg.


